<?xml version="1.0" encoding="UTF-8"?>
<testsuite xmlns:xsi="http://www.w3.org/2001/XMLSchema-instance" xsi:noNamespaceSchemaLocation="https://maven.apache.org/surefire/maven-surefire-plugin/xsd/surefire-test-report-3.0.xsd" version="3.0" name="com.vivamamadsc.vivamamadsc.MensagemTest" time="0.501" tests="2" errors="0" skipped="0" failures="0">
  <properties>
[...]
</properties>
  <testcase name="testConsultaMensagemById" classname="com.vivamamadsc.vivamamadsc.MensagemTest" time="0.018">
    <system-out><![CDATA[[EL Fine]: moxy: 2025-11-25 15:52:24.075--Thread(Thread[#1,main,5,main])--SAXParserFactory instance: com.sun.org.apache.xerces.internal.jaxp.SAXParserFactoryImpl@7561db12
[EL Fine]: server: 2025-11-25 15:52:24.08--Thread(Thread[#1,main,5,main])--Configured server platform: org.eclipse.persistence.platform.server.NoServerPlatform
[EL Config]: metadata: 2025-11-25 15:52:24.102--ServerSession(855724043)--Thread(Thread[#1,main,5,main])--The access type for the persistent class [class com.vivamamadsc.vivamamadsc.Paciente] is set to [FIELD].
[EL Config]: metadata: 2025-11-25 15:52:24.103--ServerSession(855724043)--Thread(Thread[#1,main,5,main])--The target entity (reference) class for the one to one mapping element [field usuario] is being defaulted to: class com.vivamamadsc.vivamamadsc.Usuario.
[EL Config]: metadata: 2025-11-25 15:52:24.105--ServerSession(855724043)--Thread(Thread[#1,main,5,main])--The target entity (reference) class for the one to many mapping element [field exames] is being defaulted to: class com.vivamamadsc.vivamamadsc.Exame.
[EL Config]: metadata: 2025-11-25 15:52:24.106--ServerSession(855724043)--Thread(Thread[#1,main,5,main])--The access type for the persistent class [class com.vivamamadsc.vivamamadsc.Exame] is set to [FIELD].
[EL Config]: metadata: 2025-11-25 15:52:24.106--ServerSession(855724043)--Thread(Thread[#1,main,5,main])--The target entity (reference) class for the many to one mapping element [field paciente] is being defaulted to: class com.vivamamadsc.vivamamadsc.Paciente.
[EL Config]: metadata: 2025-11-25 15:52:24.106--ServerSession(855724043)--Thread(Thread[#1,main,5,main])--The access type for the persistent class [class com.vivamamadsc.vivamamadsc.Usuario] is set to [FIELD].
[EL Config]: metadata: 2025-11-25 15:52:24.106--ServerSession(855724043)--Thread(Thread[#1,main,5,main])--The target entity (reference) class for the one to one mapping element [field paciente] is being defaulted to: class com.vivamamadsc.vivamamadsc.Paciente.
[EL Config]: metadata: 2025-11-25 15:52:24.107--ServerSession(855724043)--Thread(Thread[#1,main,5,main])--The target entity (reference) class for the one to one mapping element [field medico] is being defaulted to: class com.vivamamadsc.vivamamadsc.Medico.
[EL Config]: metadata: 2025-11-25 15:52:24.107--ServerSession(855724043)--Thread(Thread[#1,main,5,main])--The access type for the persistent class [class com.vivamamadsc.vivamamadsc.Medico] is set to [FIELD].
[EL Config]: metadata: 2025-11-25 15:52:24.107--ServerSession(855724043)--Thread(Thread[#1,main,5,main])--The target entity (reference) class for the many to many mapping element [field especialidades] is being defaulted to: class com.vivamamadsc.vivamamadsc.Especialidade.
[EL Config]: metadata: 2025-11-25 15:52:24.107--ServerSession(855724043)--Thread(Thread[#1,main,5,main])--The target entity (reference) class for the one to one mapping element [field usuario] is being defaulted to: class com.vivamamadsc.vivamamadsc.Usuario.
[EL Config]: metadata: 2025-11-25 15:52:24.107--ServerSession(855724043)--Thread(Thread[#1,main,5,main])--The access type for the persistent class [class com.vivamamadsc.vivamamadsc.Mensagem] is set to [FIELD].
[EL Config]: metadata: 2025-11-25 15:52:24.108--ServerSession(855724043)--Thread(Thread[#1,main,5,main])--The target entity (reference) class for the many to one mapping element [field remetente] is being defaulted to: class com.vivamamadsc.vivamamadsc.Usuario.
[EL Config]: metadata: 2025-11-25 15:52:24.108--ServerSession(855724043)--Thread(Thread[#1,main,5,main])--The target entity (reference) class for the many to one mapping element [field conversa] is being defaulted to: class com.vivamamadsc.vivamamadsc.Conversa.
[EL Config]: metadata: 2025-11-25 15:52:24.108--ServerSession(855724043)--Thread(Thread[#1,main,5,main])--The access type for the persistent class [class com.vivamamadsc.vivamamadsc.Conversa] is set to [FIELD].
[EL Config]: metadata: 2025-11-25 15:52:24.109--ServerSession(855724043)--Thread(Thread[#1,main,5,main])--The target entity (reference) class for the many to many mapping element [field participantes] is being defaulted to: class com.vivamamadsc.vivamamadsc.Usuario.
[EL Config]: metadata: 2025-11-25 15:52:24.109--ServerSession(855724043)--Thread(Thread[#1,main,5,main])--The access type for the persistent class [class com.vivamamadsc.vivamamadsc.Especialidade] is set to [FIELD].
[EL Config]: metadata: 2025-11-25 15:52:24.109--ServerSession(855724043)--Thread(Thread[#1,main,5,main])--The target entity (reference) class for the many to many mapping element [field medicos] is being defaulted to: class com.vivamamadsc.vivamamadsc.Medico.
[EL Config]: metadata: 2025-11-25 15:52:24.11--ServerSession(855724043)--Thread(Thread[#1,main,5,main])--The alias name for the entity class [class com.vivamamadsc.vivamamadsc.Paciente] is being defaulted to: Paciente.
[EL Config]: metadata: 2025-11-25 15:52:24.11--ServerSession(855724043)--Thread(Thread[#1,main,5,main])--The column name for element [id] is being defaulted to: ID.
[EL Config]: metadata: 2025-11-25 15:52:24.11--ServerSession(855724043)--Thread(Thread[#1,main,5,main])--The alias name for the entity class [class com.vivamamadsc.vivamamadsc.Exame] is being defaulted to: Exame.
[EL Config]: metadata: 2025-11-25 15:52:24.111--ServerSession(855724043)--Thread(Thread[#1,main,5,main])--The table name for entity [class com.vivamamadsc.vivamamadsc.Exame] is being defaulted to: EXAME.
[EL Config]: metadata: 2025-11-25 15:52:24.111--ServerSession(855724043)--Thread(Thread[#1,main,5,main])--The column name for element [tipo] is being defaulted to: TIPO.
[EL Config]: metadata: 2025-11-25 15:52:24.111--ServerSession(855724043)--Thread(Thread[#1,main,5,main])--The column name for element [id] is being defaulted to: ID.
[EL Config]: metadata: 2025-11-25 15:52:24.111--ServerSession(855724043)--Thread(Thread[#1,main,5,main])--The alias name for the entity class [class com.vivamamadsc.vivamamadsc.Usuario] is being defaulted to: Usuario.
[EL Config]: metadata: 2025-11-25 15:52:24.111--ServerSession(855724043)--Thread(Thread[#1,main,5,main])--The column name for element [senha] is being defaulted to: SENHA.
[EL Config]: metadata: 2025-11-25 15:52:24.111--ServerSession(855724043)--Thread(Thread[#1,main,5,main])--The column name for element [tipo] is being defaulted to: TIPO.
[EL Config]: metadata: 2025-11-25 15:52:24.111--ServerSession(855724043)--Thread(Thread[#1,main,5,main])--The column name for element [nome] is being defaulted to: NOME.
[EL Config]: metadata: 2025-11-25 15:52:24.112--ServerSession(855724043)--Thread(Thread[#1,main,5,main])--The column name for element [id] is being defaulted to: ID.
[EL Config]: metadata: 2025-11-25 15:52:24.112--ServerSession(855724043)--Thread(Thread[#1,main,5,main])--The column name for element [email] is being defaulted to: EMAIL.
[EL Config]: metadata: 2025-11-25 15:52:24.112--ServerSession(855724043)--Thread(Thread[#1,main,5,main])--The alias name for the entity class [class com.vivamamadsc.vivamamadsc.Medico] is being defaulted to: Medico.
[EL Config]: metadata: 2025-11-25 15:52:24.112--ServerSession(855724043)--Thread(Thread[#1,main,5,main])--The column name for element [id] is being defaulted to: ID.
[EL Config]: metadata: 2025-11-25 15:52:24.112--ServerSession(855724043)--Thread(Thread[#1,main,5,main])--The alias name for the entity class [class com.vivamamadsc.vivamamadsc.Mensagem] is being defaulted to: Mensagem.
[EL Config]: metadata: 2025-11-25 15:52:24.112--ServerSession(855724043)--Thread(Thread[#1,main,5,main])--The table name for entity [class com.vivamamadsc.vivamamadsc.Mensagem] is being defaulted to: MENSAGEM.
[EL Config]: metadata: 2025-11-25 15:52:24.112--ServerSession(855724043)--Thread(Thread[#1,main,5,main])--The column name for element [id] is being defaulted to: ID.
[EL Config]: metadata: 2025-11-25 15:52:24.113--ServerSession(855724043)--Thread(Thread[#1,main,5,main])--The alias name for the entity class [class com.vivamamadsc.vivamamadsc.Conversa] is being defaulted to: Conversa.
[EL Config]: metadata: 2025-11-25 15:52:24.113--ServerSession(855724043)--Thread(Thread[#1,main,5,main])--The table name for entity [class com.vivamamadsc.vivamamadsc.Conversa] is being defaulted to: CONVERSA.
[EL Config]: metadata: 2025-11-25 15:52:24.113--ServerSession(855724043)--Thread(Thread[#1,main,5,main])--The column name for element [id] is being defaulted to: ID.
[EL Config]: metadata: 2025-11-25 15:52:24.113--ServerSession(855724043)--Thread(Thread[#1,main,5,main])--The alias name for the entity class [class com.vivamamadsc.vivamamadsc.Especialidade] is being defaulted to: Especialidade.
[EL Config]: metadata: 2025-11-25 15:52:24.113--ServerSession(855724043)--Thread(Thread[#1,main,5,main])--The column name for element [id] is being defaulted to: ID.
[EL Config]: metadata: 2025-11-25 15:52:24.113--ServerSession(855724043)--Thread(Thread[#1,main,5,main])--The primary key column name for the mapping element [field usuario] is being defaulted to: ID.
[EL Config]: metadata: 2025-11-25 15:52:24.113--ServerSession(855724043)--Thread(Thread[#1,main,5,main])--The primary key column name for the mapping element [field usuario] is being defaulted to: ID.
[EL Config]: metadata: 2025-11-25 15:52:24.114--ServerSession(855724043)--Thread(Thread[#1,main,5,main])--The primary key column name for the mapping element [field paciente] is being defaulted to: USUARIO_ID.
[EL Config]: metadata: 2025-11-25 15:52:24.114--ServerSession(855724043)--Thread(Thread[#1,main,5,main])--The source primary key column name for the many to many mapping [field especialidades] is being defaulted to: USUARIO_ID.
[EL Config]: metadata: 2025-11-25 15:52:24.114--ServerSession(855724043)--Thread(Thread[#1,main,5,main])--The target primary key column name for the many to many mapping [field especialidades] is being defaulted to: ID.
[EL Config]: metadata: 2025-11-25 15:52:24.114--ServerSession(855724043)--Thread(Thread[#1,main,5,main])--The primary key column name for the mapping element [field remetente] is being defaulted to: ID.
[EL Config]: metadata: 2025-11-25 15:52:24.114--ServerSession(855724043)--Thread(Thread[#1,main,5,main])--The primary key column name for the mapping element [field conversa] is being defaulted to: ID.
[EL Config]: metadata: 2025-11-25 15:52:24.114--ServerSession(855724043)--Thread(Thread[#1,main,5,main])--The source primary key column name for the many to many mapping [field participantes] is being defaulted to: ID.
[EL Config]: metadata: 2025-11-25 15:52:24.114--ServerSession(855724043)--Thread(Thread[#1,main,5,main])--The target primary key column name for the many to many mapping [field participantes] is being defaulted to: ID.
[EL Info]: 2025-11-25 15:52:24.117--ServerSession(855724043)--Thread(Thread[#1,main,5,main])--EclipseLink, version: Eclipse Persistence Services - 4.0.4.v202407190748-059428cdd2583c46f1f3e50d235854840a6fa9a7
[EL Fine]: connection: 2025-11-25 15:52:24.117--ServerSession(855724043)--Connection(1202081661)--Thread(Thread[#1,main,5,main])--connecting(DatabaseLogin(
	platform=>DerbyPlatform
	user name=> "vivamama"
	datasource URL=> "jdbc:derby://localhost:1527/vivamamadsc;create=true"
))
[EL Config]: connection: 2025-11-25 15:52:24.12--ServerSession(855724043)--Connection(869290854)--Thread(Thread[#1,main,5,main])--Connected: jdbc:derby://localhost:1527/vivamamadsc;create=true
	User: vivamama
	Database: Apache Derby  Version: 10.16.1.1 - (1901046)
	Driver: Apache Derby Network Client JDBC Driver  Version: 10.16.1.1 - (1901046)
[EL Fine]: connection: 2025-11-25 15:52:24.123--ServerSession(855724043)--Thread(Thread[#1,main,5,main])--/file:/C:/AHelenaOficial/estudos/NetBeansProjects/VivaMama2/target/classes/_vivamamadsc login successful
[EL Fine]: sql: 2025-11-25 15:52:24.124--ServerSession(855724043)--Connection(869290854)--Thread(Thread[#1,main,5,main])--ALTER TABLE PACIENTE DROP CONSTRAINT PACIENTEUSUARIO_ID
[EL Fine]: sql: 2025-11-25 15:52:24.128--ServerSession(855724043)--Connection(869290854)--Thread(Thread[#1,main,5,main])--ALTER TABLE MEDICO DROP CONSTRAINT MEDICO_USUARIO_ID
[EL Fine]: sql: 2025-11-25 15:52:24.13--ServerSession(855724043)--Connection(869290854)--Thread(Thread[#1,main,5,main])--ALTER TABLE MENSAGEM DROP CONSTRAINT MENSAGEMconversaid
[EL Fine]: sql: 2025-11-25 15:52:24.137--ServerSession(855724043)--Connection(869290854)--Thread(Thread[#1,main,5,main])--ALTER TABLE MENSAGEM DROP CONSTRAINT MNSAGEMremetenteid
[EL Fine]: sql: 2025-11-25 15:52:24.143--ServerSession(855724043)--Connection(869290854)--Thread(Thread[#1,main,5,main])--ALTER TABLE EXAME DROP CONSTRAINT EXAME_PACIENTE_ID
[EL Fine]: sql: 2025-11-25 15:52:24.148--ServerSession(855724043)--Connection(869290854)--Thread(Thread[#1,main,5,main])--ALTER TABLE MEDICO_ESPECIALIDADE DROP CONSTRAINT MDCSPCIALIDADEMDCD
[EL Fine]: sql: 2025-11-25 15:52:24.153--ServerSession(855724043)--Connection(869290854)--Thread(Thread[#1,main,5,main])--ALTER TABLE MEDICO_ESPECIALIDADE DROP CONSTRAINT MDCSPCLDADESPCLDDD
[EL Fine]: sql: 2025-11-25 15:52:24.16--ServerSession(855724043)--Connection(869290854)--Thread(Thread[#1,main,5,main])--ALTER TABLE CONVERSA_PARTICIPANTES DROP CONSTRAINT CNVRSPRTCPNTcnvrsd
[EL Fine]: sql: 2025-11-25 15:52:24.167--ServerSession(855724043)--Connection(869290854)--Thread(Thread[#1,main,5,main])--ALTER TABLE CONVERSA_PARTICIPANTES DROP CONSTRAINT CNVRSPRTCPANTESsrd
[EL Fine]: sql: 2025-11-25 15:52:24.173--ServerSession(855724043)--Connection(869290854)--Thread(Thread[#1,main,5,main])--DROP TABLE USUARIO
[EL Fine]: sql: 2025-11-25 15:52:24.19--ServerSession(855724043)--Connection(869290854)--Thread(Thread[#1,main,5,main])--DROP TABLE PACIENTE
[EL Fine]: sql: 2025-11-25 15:52:24.197--ServerSession(855724043)--Connection(869290854)--Thread(Thread[#1,main,5,main])--DROP TABLE MEDICO
[EL Fine]: sql: 2025-11-25 15:52:24.21--ServerSession(855724043)--Connection(869290854)--Thread(Thread[#1,main,5,main])--DROP TABLE CONVERSA
[EL Fine]: sql: 2025-11-25 15:52:24.218--ServerSession(855724043)--Connection(869290854)--Thread(Thread[#1,main,5,main])--DROP TABLE MENSAGEM
[EL Fine]: sql: 2025-11-25 15:52:24.226--ServerSession(855724043)--Connection(869290854)--Thread(Thread[#1,main,5,main])--DROP TABLE ESPECIALIDADE
[EL Fine]: sql: 2025-11-25 15:52:24.236--ServerSession(855724043)--Connection(869290854)--Thread(Thread[#1,main,5,main])--DROP TABLE EXAME
[EL Fine]: sql: 2025-11-25 15:52:24.245--ServerSession(855724043)--Connection(869290854)--Thread(Thread[#1,main,5,main])--DROP TABLE MEDICO_ESPECIALIDADE
[EL Fine]: sql: 2025-11-25 15:52:24.255--ServerSession(855724043)--Connection(869290854)--Thread(Thread[#1,main,5,main])--DROP TABLE CONVERSA_PARTICIPANTES
[EL Fine]: sql: 2025-11-25 15:52:24.263--ServerSession(855724043)--Connection(869290854)--Thread(Thread[#1,main,5,main])--CREATE TABLE USUARIO (ID BIGINT GENERATED BY DEFAULT AS IDENTITY NOT NULL, CPF VARCHAR(11) NOT NULL UNIQUE, EMAIL VARCHAR(150) NOT NULL UNIQUE, NOME VARCHAR(150) NOT NULL, SENHA VARCHAR(60) NOT NULL, TIPO VARCHAR(20) NOT NULL, PRIMARY KEY (ID))
[EL Fine]: sql: 2025-11-25 15:52:24.28--ServerSession(855724043)--Connection(869290854)--Thread(Thread[#1,main,5,main])--CREATE TABLE PACIENTE (DT_NASCIMENTO DATE, HISTORICOFAMILIAR CLOB(2147483647), HISTORICO_FAMILIAR_PDF BLOB(2147483647), USUARIO_ID BIGINT NOT NULL, PRIMARY KEY (USUARIO_ID))
[EL Fine]: sql: 2025-11-25 15:52:24.29--ServerSession(855724043)--Connection(869290854)--Thread(Thread[#1,main,5,main])--CREATE TABLE MEDICO (CRM VARCHAR(20) NOT NULL UNIQUE, USUARIO_ID BIGINT NOT NULL, PRIMARY KEY (USUARIO_ID))
[EL Fine]: sql: 2025-11-25 15:52:24.304--ServerSession(855724043)--Connection(869290854)--Thread(Thread[#1,main,5,main])--CREATE TABLE CONVERSA (ID BIGINT GENERATED BY DEFAULT AS IDENTITY NOT NULL, ASSUNTO VARCHAR(200) NOT NULL, ativa SMALLINT DEFAULT 0 NOT NULL, criado_em TIMESTAMP NOT NULL, PRIMARY KEY (ID))
[EL Fine]: sql: 2025-11-25 15:52:24.313--ServerSession(855724043)--Connection(869290854)--Thread(Thread[#1,main,5,main])--CREATE TABLE MENSAGEM (ID BIGINT GENERATED BY DEFAULT AS IDENTITY NOT NULL, anexo BLOB, enviado_em TIMESTAMP NOT NULL, lida SMALLINT DEFAULT 0 NOT NULL, nome_anexo VARCHAR(255), texto CLOB, conversa_id BIGINT NOT NULL, remetente_id BIGINT NOT NULL, PRIMARY KEY (ID))
[EL Fine]: sql: 2025-11-25 15:52:24.347--ServerSession(855724043)--Connection(869290854)--Thread(Thread[#1,main,5,main])--CREATE TABLE ESPECIALIDADE (ID BIGINT GENERATED BY DEFAULT AS IDENTITY NOT NULL, NOME VARCHAR(100) NOT NULL, PRIMARY KEY (ID))
[EL Fine]: sql: 2025-11-25 15:52:24.359--ServerSession(855724043)--Connection(869290854)--Thread(Thread[#1,main,5,main])--CREATE TABLE EXAME (ID BIGINT GENERATED BY DEFAULT AS IDENTITY NOT NULL, DATA_EXAME DATE NOT NULL, IMAGEM BLOB(2147483647), RESULTADO_RESUMO VARCHAR(500), TIPO VARCHAR(100) NOT NULL, PACIENTE_ID BIGINT NOT NULL, PRIMARY KEY (ID))
[EL Fine]: sql: 2025-11-25 15:52:24.39--ServerSession(855724043)--Connection(869290854)--Thread(Thread[#1,main,5,main])--CREATE TABLE MEDICO_ESPECIALIDADE (MEDICO_ID BIGINT NOT NULL, ESPECIALIDADE_ID BIGINT NOT NULL, PRIMARY KEY (MEDICO_ID, ESPECIALIDADE_ID))
[EL Fine]: sql: 2025-11-25 15:52:24.405--ServerSession(855724043)--Connection(869290854)--Thread(Thread[#1,main,5,main])--CREATE TABLE CONVERSA_PARTICIPANTES (conversa_id BIGINT NOT NULL, usuario_id BIGINT NOT NULL, PRIMARY KEY (conversa_id, usuario_id))
[EL Fine]: sql: 2025-11-25 15:52:24.417--ServerSession(855724043)--Connection(869290854)--Thread(Thread[#1,main,5,main])--ALTER TABLE PACIENTE ADD CONSTRAINT PACIENTEUSUARIO_ID FOREIGN KEY (USUARIO_ID) REFERENCES USUARIO (ID)
[EL Fine]: sql: 2025-11-25 15:52:24.42--ServerSession(855724043)--Connection(869290854)--Thread(Thread[#1,main,5,main])--ALTER TABLE MEDICO ADD CONSTRAINT MEDICO_USUARIO_ID FOREIGN KEY (USUARIO_ID) REFERENCES USUARIO (ID)
[EL Fine]: sql: 2025-11-25 15:52:24.422--ServerSession(855724043)--Connection(869290854)--Thread(Thread[#1,main,5,main])--ALTER TABLE MENSAGEM ADD CONSTRAINT MENSAGEMconversaid FOREIGN KEY (conversa_id) REFERENCES CONVERSA (ID)
[EL Fine]: sql: 2025-11-25 15:52:24.43--ServerSession(855724043)--Connection(869290854)--Thread(Thread[#1,main,5,main])--ALTER TABLE MENSAGEM ADD CONSTRAINT MNSAGEMremetenteid FOREIGN KEY (remetente_id) REFERENCES USUARIO (ID)
[EL Fine]: sql: 2025-11-25 15:52:24.438--ServerSession(855724043)--Connection(869290854)--Thread(Thread[#1,main,5,main])--ALTER TABLE EXAME ADD CONSTRAINT EXAME_PACIENTE_ID FOREIGN KEY (PACIENTE_ID) REFERENCES PACIENTE (USUARIO_ID)
[EL Fine]: sql: 2025-11-25 15:52:24.444--ServerSession(855724043)--Connection(869290854)--Thread(Thread[#1,main,5,main])--ALTER TABLE MEDICO_ESPECIALIDADE ADD CONSTRAINT MDCSPCIALIDADEMDCD FOREIGN KEY (MEDICO_ID) REFERENCES MEDICO (USUARIO_ID)
[EL Fine]: sql: 2025-11-25 15:52:24.451--ServerSession(855724043)--Connection(869290854)--Thread(Thread[#1,main,5,main])--ALTER TABLE MEDICO_ESPECIALIDADE ADD CONSTRAINT MDCSPCLDADESPCLDDD FOREIGN KEY (ESPECIALIDADE_ID) REFERENCES ESPECIALIDADE (ID)
[EL Fine]: sql: 2025-11-25 15:52:24.46--ServerSession(855724043)--Connection(869290854)--Thread(Thread[#1,main,5,main])--ALTER TABLE CONVERSA_PARTICIPANTES ADD CONSTRAINT CNVRSPRTCPNTcnvrsd FOREIGN KEY (conversa_id) REFERENCES CONVERSA (ID)
[EL Fine]: sql: 2025-11-25 15:52:24.467--ServerSession(855724043)--Connection(869290854)--Thread(Thread[#1,main,5,main])--ALTER TABLE CONVERSA_PARTICIPANTES ADD CONSTRAINT CNVRSPRTCPANTESsrd FOREIGN KEY (usuario_id) REFERENCES USUARIO (ID)
[EL Fine]: sql: 2025-11-25 15:52:24.552--ServerSession(855724043)--Connection(869290854)--Thread(Thread[#1,main,5,main])--SELECT ID, anexo, enviado_em, lida, nome_anexo, texto, conversa_id, remetente_id FROM MENSAGEM WHERE (ID = ?)
	bind => [1]
[EL Fine]: sql: 2025-11-25 15:52:24.557--ServerSession(855724043)--Connection(869290854)--Thread(Thread[#1,main,5,main])--SELECT ID, ASSUNTO, ativa, criado_em FROM CONVERSA WHERE (ID = ?)
	bind => [1]
[EL Fine]: sql: 2025-11-25 15:52:24.56--ServerSession(855724043)--Connection(869290854)--Thread(Thread[#1,main,5,main])--SELECT ID, CPF, EMAIL, NOME, SENHA, TIPO FROM USUARIO WHERE (ID = ?)
	bind => [2]
[EL Fine]: sql: 2025-11-25 15:52:24.563--ServerSession(855724043)--Connection(869290854)--Thread(Thread[#1,main,5,main])--SELECT CRM, USUARIO_ID FROM MEDICO WHERE (USUARIO_ID = ?)
	bind => [2]
[EL Fine]: sql: 2025-11-25 15:52:24.565--ServerSession(855724043)--Connection(869290854)--Thread(Thread[#1,main,5,main])--SELECT DT_NASCIMENTO, HISTORICOFAMILIAR, HISTORICO_FAMILIAR_PDF, USUARIO_ID FROM PACIENTE WHERE (USUARIO_ID = ?)
	bind => [2]
]]></system-out>
  </testcase>
  <testcase name="testPersistenciaMensagem" classname="com.vivamamadsc.vivamamadsc.MensagemTest" time="0.023">
    <system-out><![CDATA[[EL Fine]: sql: 2025-11-25 15:52:24.583--ClientSession(1298557761)--Connection(869290854)--Thread(Thread[#1,main,5,main])--INSERT INTO MENSAGEM (anexo, enviado_em, lida, nome_anexo, texto, conversa_id, remetente_id) VALUES (?, ?, ?, ?, ?, ?, ?)
	bind => [null, 2025-11-25 15:52:24.582, false, null, Mensagem de teste enviada em Tue Nov 25 15:52:24 GMT-03:00 2025, 1, 2]
]]></system-out>
  </testcase>
</testsuite>