<?xml version="1.0" encoding="UTF-8"?>
<testsuite xmlns:xsi="http://www.w3.org/2001/XMLSchema-instance" xsi:noNamespaceSchemaLocation="https://maven.apache.org/surefire/maven-surefire-plugin/xsd/surefire-test-report-3.0.xsd" version="3.0" name="com.vivamamadsc.vivamamadsc.PacienteTest" time="0.649" tests="2" errors="0" skipped="0" failures="0">
  <properties>
[...]
</properties>
  <testcase name="persistirUsuario" classname="com.vivamamadsc.vivamamadsc.PacienteTest" time="0.021">
    <system-out><![CDATA[[EL Fine]: moxy: 2025-11-12 13:36:27.481--Thread(Thread[#3,main,5,main])--SAXParserFactory instance: com.sun.org.apache.xerces.internal.jaxp.SAXParserFactoryImpl@76f7d241
[EL Fine]: server: 2025-11-12 13:36:27.492--Thread(Thread[#3,main,5,main])--Configured server platform: org.eclipse.persistence.platform.server.NoServerPlatform
[EL Config]: metadata: 2025-11-12 13:36:27.527--ServerSession(1244880808)--Thread(Thread[#3,main,5,main])--The access type for the persistent class [class com.vivamamadsc.vivamamadsc.Usuario] is set to [FIELD].
[EL Config]: metadata: 2025-11-12 13:36:27.543--ServerSession(1244880808)--Thread(Thread[#3,main,5,main])--The access type for the persistent class [class com.vivamamadsc.vivamamadsc.Paciente] is set to [FIELD].
[EL Config]: metadata: 2025-11-12 13:36:27.544--ServerSession(1244880808)--Thread(Thread[#3,main,5,main])--The access type for the persistent class [class com.vivamamadsc.vivamamadsc.Medico] is set to [FIELD].
[EL Config]: metadata: 2025-11-12 13:36:27.552--ServerSession(1244880808)--Thread(Thread[#3,main,5,main])--The alias name for the entity class [class com.vivamamadsc.vivamamadsc.Paciente] is being defaulted to: Paciente.
[EL Config]: metadata: 2025-11-12 13:36:27.552--ServerSession(1244880808)--Thread(Thread[#3,main,5,main])--The alias name for the entity class [class com.vivamamadsc.vivamamadsc.Usuario] is being defaulted to: Usuario.
[EL Config]: metadata: 2025-11-12 13:36:27.553--ServerSession(1244880808)--Thread(Thread[#3,main,5,main])--The table name for entity [class com.vivamamadsc.vivamamadsc.Usuario] is being defaulted to: USUARIO.
[EL Config]: metadata: 2025-11-12 13:36:27.556--ServerSession(1244880808)--Thread(Thread[#3,main,5,main])--The discriminator column name for the root inheritance class [com.vivamamadsc.vivamamadsc.Usuario] is being defaulted to: DTYPE.
[EL Config]: metadata: 2025-11-12 13:36:27.569--ServerSession(1244880808)--Thread(Thread[#3,main,5,main])--The column name for element [senha] is being defaulted to: SENHA.
[EL Config]: metadata: 2025-11-12 13:36:27.594--ServerSession(1244880808)--Thread(Thread[#3,main,5,main])--The column name for element [tipo] is being defaulted to: TIPO.
[EL Config]: metadata: 2025-11-12 13:36:27.595--ServerSession(1244880808)--Thread(Thread[#3,main,5,main])--The column name for element [nome] is being defaulted to: NOME.
[EL Config]: metadata: 2025-11-12 13:36:27.597--ServerSession(1244880808)--Thread(Thread[#3,main,5,main])--The column name for element [id] is being defaulted to: ID.
[EL Config]: metadata: 2025-11-12 13:36:27.598--ServerSession(1244880808)--Thread(Thread[#3,main,5,main])--The column name for element [email] is being defaulted to: EMAIL.
[EL Config]: metadata: 2025-11-12 13:36:27.6--ServerSession(1244880808)--Thread(Thread[#3,main,5,main])--The table name for entity [class com.vivamamadsc.vivamamadsc.Paciente] is being defaulted to: PACIENTE.
[EL Config]: metadata: 2025-11-12 13:36:27.601--ServerSession(1244880808)--Thread(Thread[#3,main,5,main])--The primary key column name for the inheritance class [class com.vivamamadsc.vivamamadsc.Paciente] is being defaulted to: ID.
[EL Config]: metadata: 2025-11-12 13:36:27.602--ServerSession(1244880808)--Thread(Thread[#3,main,5,main])--The foreign key column name for the inheritance class [com.vivamamadsc.vivamamadsc.Paciente] is being defaulted to: ID.
[EL Config]: metadata: 2025-11-12 13:36:27.604--ServerSession(1244880808)--Thread(Thread[#3,main,5,main])--The alias name for the entity class [class com.vivamamadsc.vivamamadsc.Medico] is being defaulted to: Medico.
[EL Config]: metadata: 2025-11-12 13:36:27.605--ServerSession(1244880808)--Thread(Thread[#3,main,5,main])--The table name for entity [class com.vivamamadsc.vivamamadsc.Medico] is being defaulted to: MEDICO.
[EL Config]: metadata: 2025-11-12 13:36:27.606--ServerSession(1244880808)--Thread(Thread[#3,main,5,main])--The primary key column name for the inheritance class [class com.vivamamadsc.vivamamadsc.Medico] is being defaulted to: ID.
[EL Config]: metadata: 2025-11-12 13:36:27.607--ServerSession(1244880808)--Thread(Thread[#3,main,5,main])--The foreign key column name for the inheritance class [com.vivamamadsc.vivamamadsc.Medico] is being defaulted to: ID.
[EL Config]: metadata: 2025-11-12 13:36:27.609--ServerSession(1244880808)--Thread(Thread[#3,main,5,main])--The column name for element [crm] is being defaulted to: CRM.
[EL Info]: 2025-11-12 13:36:27.646--ServerSession(1244880808)--Thread(Thread[#3,main,5,main])--EclipseLink, version: Eclipse Persistence Services - 4.0.4.v202407190748-059428cdd2583c46f1f3e50d235854840a6fa9a7
[EL Fine]: connection: 2025-11-12 13:36:27.647--ServerSession(1244880808)--Connection(464649704)--Thread(Thread[#3,main,5,main])--connecting(DatabaseLogin(
	platform=>DerbyPlatform
	user name=> "vivamama"
	datasource URL=> "jdbc:derby://localhost:1527/vivamamadsc;create=true"
))
[EL Config]: connection: 2025-11-12 13:36:27.661--ServerSession(1244880808)--Connection(367967231)--Thread(Thread[#3,main,5,main])--Connected: jdbc:derby://localhost:1527/vivamamadsc;create=true
	User: vivamama
	Database: Apache Derby  Version: 10.16.1.1 - (1901046)
	Driver: Apache Derby Network Client JDBC Driver  Version: 10.16.1.1 - (1901046)
[EL Fine]: connection: 2025-11-12 13:36:27.667--ServerSession(1244880808)--Thread(Thread[#3,main,5,main])--/file:/C:/Users/Neto Pereira/Desktop/Neto/IFPE/5-PERIODO/DSC/atv-1/VivaMama2/target/classes/_vivamamadsc login successful
[EL Fine]: sql: 2025-11-12 13:36:27.669--ServerSession(1244880808)--Connection(367967231)--Thread(Thread[#3,main,5,main])--ALTER TABLE PACIENTE DROP CONSTRAINT FK_PACIENTE_ID
[EL Fine]: sql: 2025-11-12 13:36:27.682--ServerSession(1244880808)--Connection(367967231)--Thread(Thread[#3,main,5,main])--ALTER TABLE MEDICO DROP CONSTRAINT FK_MEDICO_ID
[EL Fine]: sql: 2025-11-12 13:36:27.696--ServerSession(1244880808)--Connection(367967231)--Thread(Thread[#3,main,5,main])--DROP TABLE USUARIO
[EL Fine]: sql: 2025-11-12 13:36:27.736--ServerSession(1244880808)--Connection(367967231)--Thread(Thread[#3,main,5,main])--DROP TABLE PACIENTE
[EL Fine]: sql: 2025-11-12 13:36:27.758--ServerSession(1244880808)--Connection(367967231)--Thread(Thread[#3,main,5,main])--DROP TABLE MEDICO
[EL Fine]: sql: 2025-11-12 13:36:27.792--ServerSession(1244880808)--Connection(367967231)--Thread(Thread[#3,main,5,main])--CREATE TABLE USUARIO (ID BIGINT GENERATED BY DEFAULT AS IDENTITY NOT NULL, DTYPE VARCHAR(31), EMAIL VARCHAR(255) NOT NULL UNIQUE, NOME VARCHAR(255), SENHA VARCHAR(255) NOT NULL, TIPO VARCHAR(255), PRIMARY KEY (ID))
[EL Fine]: sql: 2025-11-12 13:36:27.831--ServerSession(1244880808)--Connection(367967231)--Thread(Thread[#3,main,5,main])--CREATE TABLE PACIENTE (ID BIGINT NOT NULL, DT_NASCIMENTO DATE, HISTORICOFAMILIAR CLOB(2147483647), PRIMARY KEY (ID))
[EL Fine]: sql: 2025-11-12 13:36:27.862--ServerSession(1244880808)--Connection(367967231)--Thread(Thread[#3,main,5,main])--CREATE TABLE MEDICO (ID BIGINT NOT NULL, CRM VARCHAR(255) NOT NULL UNIQUE, ESPECIALIDADE VARCHAR(255), PRIMARY KEY (ID))
[EL Fine]: sql: 2025-11-12 13:36:27.905--ServerSession(1244880808)--Connection(367967231)--Thread(Thread[#3,main,5,main])--ALTER TABLE PACIENTE ADD CONSTRAINT FK_PACIENTE_ID FOREIGN KEY (ID) REFERENCES USUARIO (ID)
[EL Fine]: sql: 2025-11-12 13:36:27.919--ServerSession(1244880808)--Connection(367967231)--Thread(Thread[#3,main,5,main])--ALTER TABLE MEDICO ADD CONSTRAINT FK_MEDICO_ID FOREIGN KEY (ID) REFERENCES USUARIO (ID)
[EL Fine]: sql: 2025-11-12 13:36:28.127--ClientSession(142099757)--Connection(367967231)--Thread(Thread[#3,main,5,main])--INSERT INTO USUARIO (EMAIL, NOME, SENHA, TIPO, DTYPE) VALUES (?, ?, ?, ?, ?)
	bind => [beltrano@gmail.com, Beltrano da Silva, teste, PACIENTE, Paciente]
[EL Fine]: sql: 2025-11-12 13:36:28.137--ClientSession(142099757)--Connection(367967231)--Thread(Thread[#3,main,5,main])--INSERT INTO PACIENTE (DT_NASCIMENTO, HISTORICOFAMILIAR, ID) VALUES (?, ?, ?)
	bind => [1981-02-25, Sem histórico familiar., 3]
]]></system-out>
  </testcase>
  <testcase name="consultarUsuario" classname="com.vivamamadsc.vivamamadsc.PacienteTest" time="0.072">
    <system-out><![CDATA[[EL Fine]: sql: 2025-11-12 13:36:28.149--ServerSession(1244880808)--Connection(367967231)--Thread(Thread[#3,main,5,main])--SELECT t0.ID, t0.DTYPE, t0.EMAIL, t0.NOME, t0.SENHA, t0.TIPO, t1.ID, t1.DT_NASCIMENTO, t1.HISTORICOFAMILIAR FROM USUARIO t0, PACIENTE t1 WHERE ((t0.ID = ?) AND ((t1.ID = t0.ID) AND (t0.DTYPE = ?)))
	bind => [1, Paciente]
]]></system-out>
  </testcase>
</testsuite>