<?xml version="1.0" encoding="UTF-8"?>
<testsuite xmlns:xsi="http://www.w3.org/2001/XMLSchema-instance" xsi:noNamespaceSchemaLocation="https://maven.apache.org/surefire/maven-surefire-plugin/xsd/surefire-test-report-3.0.xsd" version="3.0" name="com.vivamamadsc.vivamamadsc.MedicoTest" time="0.503" tests="2" errors="0" skipped="0" failures="0">
  <properties>
[...]
</properties>
  <testcase name="testPersistenciaMedico" classname="com.vivamamadsc.vivamamadsc.MedicoTest" time="0.019">
    <system-out><![CDATA[[EL Fine]: moxy: 2025-11-26 20:26:39.598--Thread(Thread[#1,main,5,main])--SAXParserFactory instance: com.sun.org.apache.xerces.internal.jaxp.SAXParserFactoryImpl@42561fba
[EL Fine]: server: 2025-11-26 20:26:39.601--Thread(Thread[#1,main,5,main])--Configured server platform: org.eclipse.persistence.platform.server.NoServerPlatform
[EL Config]: metadata: 2025-11-26 20:26:39.625--ServerSession(1499418021)--Thread(Thread[#1,main,5,main])--The access type for the persistent class [class com.vivamamadsc.vivamamadsc.Usuario] is set to [FIELD].
[EL Config]: metadata: 2025-11-26 20:26:39.626--ServerSession(1499418021)--Thread(Thread[#1,main,5,main])--The access type for the persistent class [class com.vivamamadsc.vivamamadsc.Paciente] is set to [FIELD].
[EL Config]: metadata: 2025-11-26 20:26:39.626--ServerSession(1499418021)--Thread(Thread[#1,main,5,main])--The target entity (reference) class for the one to many mapping element [field exames] is being defaulted to: class com.vivamamadsc.vivamamadsc.Exame.
[EL Config]: metadata: 2025-11-26 20:26:39.626--ServerSession(1499418021)--Thread(Thread[#1,main,5,main])--The access type for the persistent class [class com.vivamamadsc.vivamamadsc.Exame] is set to [FIELD].
[EL Config]: metadata: 2025-11-26 20:26:39.626--ServerSession(1499418021)--Thread(Thread[#1,main,5,main])--The target entity (reference) class for the many to one mapping element [field paciente] is being defaulted to: class com.vivamamadsc.vivamamadsc.Paciente.
[EL Config]: metadata: 2025-11-26 20:26:39.626--ServerSession(1499418021)--Thread(Thread[#1,main,5,main])--The access type for the persistent class [class com.vivamamadsc.vivamamadsc.Medico] is set to [FIELD].
[EL Config]: metadata: 2025-11-26 20:26:39.626--ServerSession(1499418021)--Thread(Thread[#1,main,5,main])--The target entity (reference) class for the many to many mapping element [field especialidades] is being defaulted to: class com.vivamamadsc.vivamamadsc.Especialidade.
[EL Config]: metadata: 2025-11-26 20:26:39.626--ServerSession(1499418021)--Thread(Thread[#1,main,5,main])--The target entity (reference) class for the one to one mapping element [field crm] is being defaulted to: class com.vivamamadsc.vivamamadsc.Crm.
[EL Config]: metadata: 2025-11-26 20:26:39.626--ServerSession(1499418021)--Thread(Thread[#1,main,5,main])--The access type for the persistent class [class com.vivamamadsc.vivamamadsc.Crm] is set to [FIELD].
[EL Config]: metadata: 2025-11-26 20:26:39.626--ServerSession(1499418021)--Thread(Thread[#1,main,5,main])--The target entity (reference) class for the one to one mapping element [field medico] is being defaulted to: class com.vivamamadsc.vivamamadsc.Medico.
[EL Config]: metadata: 2025-11-26 20:26:39.626--ServerSession(1499418021)--Thread(Thread[#1,main,5,main])--The access type for the persistent class [class com.vivamamadsc.vivamamadsc.Mensagem] is set to [FIELD].
[EL Config]: metadata: 2025-11-26 20:26:39.626--ServerSession(1499418021)--Thread(Thread[#1,main,5,main])--The target entity (reference) class for the many to one mapping element [field remetente] is being defaulted to: class com.vivamamadsc.vivamamadsc.Usuario.
[EL Config]: metadata: 2025-11-26 20:26:39.626--ServerSession(1499418021)--Thread(Thread[#1,main,5,main])--The target entity (reference) class for the many to one mapping element [field conversa] is being defaulted to: class com.vivamamadsc.vivamamadsc.Conversa.
[EL Config]: metadata: 2025-11-26 20:26:39.626--ServerSession(1499418021)--Thread(Thread[#1,main,5,main])--The access type for the persistent class [class com.vivamamadsc.vivamamadsc.Conversa] is set to [FIELD].
[EL Config]: metadata: 2025-11-26 20:26:39.626--ServerSession(1499418021)--Thread(Thread[#1,main,5,main])--The target entity (reference) class for the many to many mapping element [field participantes] is being defaulted to: class com.vivamamadsc.vivamamadsc.Usuario.
[EL Config]: metadata: 2025-11-26 20:26:39.626--ServerSession(1499418021)--Thread(Thread[#1,main,5,main])--The access type for the persistent class [class com.vivamamadsc.vivamamadsc.Especialidade] is set to [FIELD].
[EL Config]: metadata: 2025-11-26 20:26:39.626--ServerSession(1499418021)--Thread(Thread[#1,main,5,main])--The target entity (reference) class for the many to many mapping element [field medicos] is being defaulted to: class com.vivamamadsc.vivamamadsc.Medico.
[EL Config]: metadata: 2025-11-26 20:26:39.626--ServerSession(1499418021)--Thread(Thread[#1,main,5,main])--The alias name for the entity class [class com.vivamamadsc.vivamamadsc.Paciente] is being defaulted to: Paciente.
[EL Config]: metadata: 2025-11-26 20:26:39.626--ServerSession(1499418021)--Thread(Thread[#1,main,5,main])--The alias name for the entity class [class com.vivamamadsc.vivamamadsc.Usuario] is being defaulted to: Usuario.
[EL Config]: metadata: 2025-11-26 20:26:39.626--ServerSession(1499418021)--Thread(Thread[#1,main,5,main])--The table name for entity [class com.vivamamadsc.vivamamadsc.Usuario] is being defaulted to: USUARIO.
[EL Config]: metadata: 2025-11-26 20:26:39.626--ServerSession(1499418021)--Thread(Thread[#1,main,5,main])--The discriminator column name for the root inheritance class [com.vivamamadsc.vivamamadsc.Usuario] is being defaulted to: DTYPE.
[EL Config]: metadata: 2025-11-26 20:26:39.626--ServerSession(1499418021)--Thread(Thread[#1,main,5,main])--The column name for element [senha] is being defaulted to: SENHA.
[EL Config]: metadata: 2025-11-26 20:26:39.626--ServerSession(1499418021)--Thread(Thread[#1,main,5,main])--The column name for element [tipo] is being defaulted to: TIPO.
[EL Config]: metadata: 2025-11-26 20:26:39.626--ServerSession(1499418021)--Thread(Thread[#1,main,5,main])--The column name for element [nome] is being defaulted to: NOME.
[EL Config]: metadata: 2025-11-26 20:26:39.626--ServerSession(1499418021)--Thread(Thread[#1,main,5,main])--The column name for element [id] is being defaulted to: ID.
[EL Config]: metadata: 2025-11-26 20:26:39.626--ServerSession(1499418021)--Thread(Thread[#1,main,5,main])--The column name for element [email] is being defaulted to: EMAIL.
[EL Config]: metadata: 2025-11-26 20:26:39.626--ServerSession(1499418021)--Thread(Thread[#1,main,5,main])--The table name for entity [class com.vivamamadsc.vivamamadsc.Paciente] is being defaulted to: PACIENTE.
[EL Config]: metadata: 2025-11-26 20:26:39.626--ServerSession(1499418021)--Thread(Thread[#1,main,5,main])--The primary key column name for the inheritance class [class com.vivamamadsc.vivamamadsc.Paciente] is being defaulted to: ID.
[EL Config]: metadata: 2025-11-26 20:26:39.626--ServerSession(1499418021)--Thread(Thread[#1,main,5,main])--The foreign key column name for the inheritance class [com.vivamamadsc.vivamamadsc.Paciente] is being defaulted to: ID.
[EL Config]: metadata: 2025-11-26 20:26:39.626--ServerSession(1499418021)--Thread(Thread[#1,main,5,main])--The alias name for the entity class [class com.vivamamadsc.vivamamadsc.Exame] is being defaulted to: Exame.
[EL Config]: metadata: 2025-11-26 20:26:39.626--ServerSession(1499418021)--Thread(Thread[#1,main,5,main])--The table name for entity [class com.vivamamadsc.vivamamadsc.Exame] is being defaulted to: EXAME.
[EL Config]: metadata: 2025-11-26 20:26:39.626--ServerSession(1499418021)--Thread(Thread[#1,main,5,main])--The column name for element [tipo] is being defaulted to: TIPO.
[EL Config]: metadata: 2025-11-26 20:26:39.626--ServerSession(1499418021)--Thread(Thread[#1,main,5,main])--The column name for element [id] is being defaulted to: ID.
[EL Config]: metadata: 2025-11-26 20:26:39.626--ServerSession(1499418021)--Thread(Thread[#1,main,5,main])--The alias name for the entity class [class com.vivamamadsc.vivamamadsc.Medico] is being defaulted to: Medico.
[EL Config]: metadata: 2025-11-26 20:26:39.626--ServerSession(1499418021)--Thread(Thread[#1,main,5,main])--The table name for entity [class com.vivamamadsc.vivamamadsc.Medico] is being defaulted to: MEDICO.
[EL Config]: metadata: 2025-11-26 20:26:39.626--ServerSession(1499418021)--Thread(Thread[#1,main,5,main])--The primary key column name for the inheritance class [class com.vivamamadsc.vivamamadsc.Medico] is being defaulted to: ID.
[EL Config]: metadata: 2025-11-26 20:26:39.626--ServerSession(1499418021)--Thread(Thread[#1,main,5,main])--The foreign key column name for the inheritance class [com.vivamamadsc.vivamamadsc.Medico] is being defaulted to: ID.
[EL Config]: metadata: 2025-11-26 20:26:39.626--ServerSession(1499418021)--Thread(Thread[#1,main,5,main])--The alias name for the entity class [class com.vivamamadsc.vivamamadsc.Crm] is being defaulted to: Crm.
[EL Config]: metadata: 2025-11-26 20:26:39.626--ServerSession(1499418021)--Thread(Thread[#1,main,5,main])--The table name for entity [class com.vivamamadsc.vivamamadsc.Crm] is being defaulted to: CRM.
[EL Config]: metadata: 2025-11-26 20:26:39.626--ServerSession(1499418021)--Thread(Thread[#1,main,5,main])--The column name for element [estado] is being defaulted to: ESTADO.
[EL Config]: metadata: 2025-11-26 20:26:39.626--ServerSession(1499418021)--Thread(Thread[#1,main,5,main])--The column name for element [numero] is being defaulted to: NUMERO.
[EL Config]: metadata: 2025-11-26 20:26:39.626--ServerSession(1499418021)--Thread(Thread[#1,main,5,main])--The column name for element [id] is being defaulted to: ID.
[EL Config]: metadata: 2025-11-26 20:26:39.626--ServerSession(1499418021)--Thread(Thread[#1,main,5,main])--The alias name for the entity class [class com.vivamamadsc.vivamamadsc.Mensagem] is being defaulted to: Mensagem.
[EL Config]: metadata: 2025-11-26 20:26:39.626--ServerSession(1499418021)--Thread(Thread[#1,main,5,main])--The table name for entity [class com.vivamamadsc.vivamamadsc.Mensagem] is being defaulted to: MENSAGEM.
[EL Config]: metadata: 2025-11-26 20:26:39.626--ServerSession(1499418021)--Thread(Thread[#1,main,5,main])--The column name for element [id] is being defaulted to: ID.
[EL Config]: metadata: 2025-11-26 20:26:39.626--ServerSession(1499418021)--Thread(Thread[#1,main,5,main])--The alias name for the entity class [class com.vivamamadsc.vivamamadsc.Conversa] is being defaulted to: Conversa.
[EL Config]: metadata: 2025-11-26 20:26:39.626--ServerSession(1499418021)--Thread(Thread[#1,main,5,main])--The table name for entity [class com.vivamamadsc.vivamamadsc.Conversa] is being defaulted to: CONVERSA.
[EL Config]: metadata: 2025-11-26 20:26:39.626--ServerSession(1499418021)--Thread(Thread[#1,main,5,main])--The column name for element [id] is being defaulted to: ID.
[EL Config]: metadata: 2025-11-26 20:26:39.626--ServerSession(1499418021)--Thread(Thread[#1,main,5,main])--The alias name for the entity class [class com.vivamamadsc.vivamamadsc.Especialidade] is being defaulted to: Especialidade.
[EL Config]: metadata: 2025-11-26 20:26:39.626--ServerSession(1499418021)--Thread(Thread[#1,main,5,main])--The column name for element [id] is being defaulted to: ID.
[EL Config]: metadata: 2025-11-26 20:26:39.626--ServerSession(1499418021)--Thread(Thread[#1,main,5,main])--The primary key column name for the mapping element [field paciente] is being defaulted to: ID.
[EL Config]: metadata: 2025-11-26 20:26:39.626--ServerSession(1499418021)--Thread(Thread[#1,main,5,main])--The source primary key column name for the many to many mapping [field especialidades] is being defaulted to: ID.
[EL Config]: metadata: 2025-11-26 20:26:39.626--ServerSession(1499418021)--Thread(Thread[#1,main,5,main])--The target primary key column name for the many to many mapping [field especialidades] is being defaulted to: ID.
[EL Config]: metadata: 2025-11-26 20:26:39.626--ServerSession(1499418021)--Thread(Thread[#1,main,5,main])--The primary key column name for the mapping element [field medico] is being defaulted to: ID.
[EL Config]: metadata: 2025-11-26 20:26:39.626--ServerSession(1499418021)--Thread(Thread[#1,main,5,main])--The primary key column name for the mapping element [field remetente] is being defaulted to: ID.
[EL Config]: metadata: 2025-11-26 20:26:39.626--ServerSession(1499418021)--Thread(Thread[#1,main,5,main])--The primary key column name for the mapping element [field conversa] is being defaulted to: ID.
[EL Config]: metadata: 2025-11-26 20:26:39.626--ServerSession(1499418021)--Thread(Thread[#1,main,5,main])--The source primary key column name for the many to many mapping [field participantes] is being defaulted to: ID.
[EL Config]: metadata: 2025-11-26 20:26:39.626--ServerSession(1499418021)--Thread(Thread[#1,main,5,main])--The target primary key column name for the many to many mapping [field participantes] is being defaulted to: ID.
[EL Info]: 2025-11-26 20:26:39.642--ServerSession(1499418021)--Thread(Thread[#1,main,5,main])--EclipseLink, version: Eclipse Persistence Services - 4.0.4.v202407190748-059428cdd2583c46f1f3e50d235854840a6fa9a7
[EL Fine]: connection: 2025-11-26 20:26:39.642--ServerSession(1499418021)--Connection(1997625595)--Thread(Thread[#1,main,5,main])--connecting(DatabaseLogin(
	platform=>DerbyPlatform
	user name=> "vivamama"
	datasource URL=> "jdbc:derby://localhost:1527/vivamamadsc;create=true"
))
[EL Config]: connection: 2025-11-26 20:26:39.642--ServerSession(1499418021)--Connection(152848959)--Thread(Thread[#1,main,5,main])--Connected: jdbc:derby://localhost:1527/vivamamadsc;create=true
	User: vivamama
	Database: Apache Derby  Version: 10.16.1.1 - (1901046)
	Driver: Apache Derby Network Client JDBC Driver  Version: 10.16.1.1 - (1901046)
[EL Fine]: connection: 2025-11-26 20:26:39.642--ServerSession(1499418021)--Thread(Thread[#1,main,5,main])--/file:/C:/AHelenaOficial/estudos/NetBeansProjects/VivaMama2/target/classes/_vivamamadsc login successful
[EL Fine]: sql: 2025-11-26 20:26:39.642--ServerSession(1499418021)--Connection(152848959)--Thread(Thread[#1,main,5,main])--ALTER TABLE PACIENTE DROP CONSTRAINT FK_PACIENTE_ID
[EL Fine]: sql: 2025-11-26 20:26:39.642--ServerSession(1499418021)--Connection(152848959)--Thread(Thread[#1,main,5,main])--ALTER TABLE MEDICO DROP CONSTRAINT FK_MEDICO_ID
[EL Fine]: sql: 2025-11-26 20:26:39.642--ServerSession(1499418021)--Connection(152848959)--Thread(Thread[#1,main,5,main])--ALTER TABLE MENSAGEM DROP CONSTRAINT MENSAGEMconversaid
[EL Fine]: sql: 2025-11-26 20:26:39.658--ServerSession(1499418021)--Connection(152848959)--Thread(Thread[#1,main,5,main])--ALTER TABLE MENSAGEM DROP CONSTRAINT MNSAGEMremetenteid
[EL Fine]: sql: 2025-11-26 20:26:39.658--ServerSession(1499418021)--Connection(152848959)--Thread(Thread[#1,main,5,main])--ALTER TABLE EXAME DROP CONSTRAINT EXAME_PACIENTE_ID
[EL Fine]: sql: 2025-11-26 20:26:39.658--ServerSession(1499418021)--Connection(152848959)--Thread(Thread[#1,main,5,main])--ALTER TABLE CRM DROP CONSTRAINT FK_CRM_medico_id
[EL Fine]: sql: 2025-11-26 20:26:39.658--ServerSession(1499418021)--Connection(152848959)--Thread(Thread[#1,main,5,main])--ALTER TABLE MEDICO_ESPECIALIDADE DROP CONSTRAINT MDCSPCIALIDADEMDCD
[EL Fine]: sql: 2025-11-26 20:26:39.677--ServerSession(1499418021)--Connection(152848959)--Thread(Thread[#1,main,5,main])--ALTER TABLE MEDICO_ESPECIALIDADE DROP CONSTRAINT MDCSPCLDADESPCLDDD
[EL Fine]: sql: 2025-11-26 20:26:39.677--ServerSession(1499418021)--Connection(152848959)--Thread(Thread[#1,main,5,main])--ALTER TABLE CONVERSA_PARTICIPANTES DROP CONSTRAINT CNVRSPRTCPNTcnvrsd
[EL Fine]: sql: 2025-11-26 20:26:39.677--ServerSession(1499418021)--Connection(152848959)--Thread(Thread[#1,main,5,main])--ALTER TABLE CONVERSA_PARTICIPANTES DROP CONSTRAINT CNVRSPRTCPANTESsrd
[EL Fine]: sql: 2025-11-26 20:26:39.694--ServerSession(1499418021)--Connection(152848959)--Thread(Thread[#1,main,5,main])--DROP TABLE USUARIO
[EL Fine]: sql: 2025-11-26 20:26:39.71--ServerSession(1499418021)--Connection(152848959)--Thread(Thread[#1,main,5,main])--DROP TABLE PACIENTE
[EL Fine]: sql: 2025-11-26 20:26:39.718--ServerSession(1499418021)--Connection(152848959)--Thread(Thread[#1,main,5,main])--DROP TABLE MEDICO
[EL Fine]: sql: 2025-11-26 20:26:39.729--ServerSession(1499418021)--Connection(152848959)--Thread(Thread[#1,main,5,main])--DROP TABLE CONVERSA
[EL Fine]: sql: 2025-11-26 20:26:39.742--ServerSession(1499418021)--Connection(152848959)--Thread(Thread[#1,main,5,main])--DROP TABLE MENSAGEM
[EL Fine]: sql: 2025-11-26 20:26:39.751--ServerSession(1499418021)--Connection(152848959)--Thread(Thread[#1,main,5,main])--DROP TABLE ESPECIALIDADE
[EL Fine]: sql: 2025-11-26 20:26:39.761--ServerSession(1499418021)--Connection(152848959)--Thread(Thread[#1,main,5,main])--DROP TABLE EXAME
[EL Fine]: sql: 2025-11-26 20:26:39.772--ServerSession(1499418021)--Connection(152848959)--Thread(Thread[#1,main,5,main])--DROP TABLE CRM
[EL Fine]: sql: 2025-11-26 20:26:39.788--ServerSession(1499418021)--Connection(152848959)--Thread(Thread[#1,main,5,main])--DROP TABLE MEDICO_ESPECIALIDADE
[EL Fine]: sql: 2025-11-26 20:26:39.798--ServerSession(1499418021)--Connection(152848959)--Thread(Thread[#1,main,5,main])--DROP TABLE CONVERSA_PARTICIPANTES
[EL Fine]: sql: 2025-11-26 20:26:39.81--ServerSession(1499418021)--Connection(152848959)--Thread(Thread[#1,main,5,main])--CREATE TABLE USUARIO (ID BIGINT GENERATED BY DEFAULT AS IDENTITY NOT NULL, DTYPE VARCHAR(31), CPF VARCHAR(11) NOT NULL UNIQUE, EMAIL VARCHAR(150) NOT NULL UNIQUE, NOME VARCHAR(150) NOT NULL, SENHA VARCHAR(60) NOT NULL, TIPO VARCHAR(20) NOT NULL, PRIMARY KEY (ID))
[EL Fine]: sql: 2025-11-26 20:26:39.826--ServerSession(1499418021)--Connection(152848959)--Thread(Thread[#1,main,5,main])--CREATE TABLE PACIENTE (ID BIGINT NOT NULL, DT_NASCIMENTO DATE, HISTORICOFAMILIAR CLOB(2147483647), HISTORICO_FAMILIAR_PDF BLOB(2147483647), PRIMARY KEY (ID))
[EL Fine]: sql: 2025-11-26 20:26:39.846--ServerSession(1499418021)--Connection(152848959)--Thread(Thread[#1,main,5,main])--CREATE TABLE MEDICO (ID BIGINT NOT NULL, PRIMARY KEY (ID))
[EL Fine]: sql: 2025-11-26 20:26:39.861--ServerSession(1499418021)--Connection(152848959)--Thread(Thread[#1,main,5,main])--CREATE TABLE CONVERSA (ID BIGINT GENERATED BY DEFAULT AS IDENTITY NOT NULL, ASSUNTO VARCHAR(200) NOT NULL, ativa SMALLINT DEFAULT 0 NOT NULL, criado_em TIMESTAMP NOT NULL, PRIMARY KEY (ID))
[EL Fine]: sql: 2025-11-26 20:26:39.874--ServerSession(1499418021)--Connection(152848959)--Thread(Thread[#1,main,5,main])--CREATE TABLE MENSAGEM (ID BIGINT GENERATED BY DEFAULT AS IDENTITY NOT NULL, anexo BLOB, enviado_em TIMESTAMP NOT NULL, lida SMALLINT DEFAULT 0 NOT NULL, nome_anexo VARCHAR(255), texto CLOB, conversa_id BIGINT NOT NULL, remetente_id BIGINT NOT NULL, PRIMARY KEY (ID))
[EL Fine]: sql: 2025-11-26 20:26:39.877--ServerSession(1499418021)--Connection(152848959)--Thread(Thread[#1,main,5,main])--CREATE TABLE ESPECIALIDADE (ID BIGINT GENERATED BY DEFAULT AS IDENTITY NOT NULL, NOME VARCHAR(100) NOT NULL, PRIMARY KEY (ID))
[EL Fine]: sql: 2025-11-26 20:26:39.896--ServerSession(1499418021)--Connection(152848959)--Thread(Thread[#1,main,5,main])--CREATE TABLE EXAME (ID BIGINT GENERATED BY DEFAULT AS IDENTITY NOT NULL, DATA_EXAME DATE NOT NULL, IMAGEM BLOB(2147483647), RESULTADO_RESUMO VARCHAR(500), TIPO VARCHAR(100) NOT NULL, PACIENTE_ID BIGINT NOT NULL, PRIMARY KEY (ID))
[EL Fine]: sql: 2025-11-26 20:26:39.907--ServerSession(1499418021)--Connection(152848959)--Thread(Thread[#1,main,5,main])--CREATE TABLE CRM (ID BIGINT GENERATED BY DEFAULT AS IDENTITY NOT NULL, ESTADO VARCHAR(255), NUMERO VARCHAR(255), medico_id BIGINT UNIQUE, PRIMARY KEY (ID))
[EL Fine]: sql: 2025-11-26 20:26:39.922--ServerSession(1499418021)--Connection(152848959)--Thread(Thread[#1,main,5,main])--CREATE TABLE MEDICO_ESPECIALIDADE (MEDICO_ID BIGINT NOT NULL, ESPECIALIDADE_ID BIGINT NOT NULL, PRIMARY KEY (MEDICO_ID, ESPECIALIDADE_ID))
[EL Fine]: sql: 2025-11-26 20:26:39.931--ServerSession(1499418021)--Connection(152848959)--Thread(Thread[#1,main,5,main])--CREATE TABLE CONVERSA_PARTICIPANTES (conversa_id BIGINT NOT NULL, usuario_id BIGINT NOT NULL, PRIMARY KEY (conversa_id, usuario_id))
[EL Fine]: sql: 2025-11-26 20:26:39.936--ServerSession(1499418021)--Connection(152848959)--Thread(Thread[#1,main,5,main])--ALTER TABLE PACIENTE ADD CONSTRAINT FK_PACIENTE_ID FOREIGN KEY (ID) REFERENCES USUARIO (ID)
[EL Fine]: sql: 2025-11-26 20:26:39.936--ServerSession(1499418021)--Connection(152848959)--Thread(Thread[#1,main,5,main])--ALTER TABLE MEDICO ADD CONSTRAINT FK_MEDICO_ID FOREIGN KEY (ID) REFERENCES USUARIO (ID)
[EL Fine]: sql: 2025-11-26 20:26:39.936--ServerSession(1499418021)--Connection(152848959)--Thread(Thread[#1,main,5,main])--ALTER TABLE MENSAGEM ADD CONSTRAINT MENSAGEMconversaid FOREIGN KEY (conversa_id) REFERENCES CONVERSA (ID)
[EL Fine]: sql: 2025-11-26 20:26:39.936--ServerSession(1499418021)--Connection(152848959)--Thread(Thread[#1,main,5,main])--ALTER TABLE MENSAGEM ADD CONSTRAINT MNSAGEMremetenteid FOREIGN KEY (remetente_id) REFERENCES USUARIO (ID)
[EL Fine]: sql: 2025-11-26 20:26:39.954--ServerSession(1499418021)--Connection(152848959)--Thread(Thread[#1,main,5,main])--ALTER TABLE EXAME ADD CONSTRAINT EXAME_PACIENTE_ID FOREIGN KEY (PACIENTE_ID) REFERENCES USUARIO (ID)
[EL Fine]: sql: 2025-11-26 20:26:39.96--ServerSession(1499418021)--Connection(152848959)--Thread(Thread[#1,main,5,main])--ALTER TABLE CRM ADD CONSTRAINT FK_CRM_medico_id FOREIGN KEY (medico_id) REFERENCES USUARIO (ID)
[EL Fine]: sql: 2025-11-26 20:26:39.962--ServerSession(1499418021)--Connection(152848959)--Thread(Thread[#1,main,5,main])--ALTER TABLE MEDICO_ESPECIALIDADE ADD CONSTRAINT MDCSPCIALIDADEMDCD FOREIGN KEY (MEDICO_ID) REFERENCES USUARIO (ID)
[EL Fine]: sql: 2025-11-26 20:26:39.967--ServerSession(1499418021)--Connection(152848959)--Thread(Thread[#1,main,5,main])--ALTER TABLE MEDICO_ESPECIALIDADE ADD CONSTRAINT MDCSPCLDADESPCLDDD FOREIGN KEY (ESPECIALIDADE_ID) REFERENCES ESPECIALIDADE (ID)
[EL Fine]: sql: 2025-11-26 20:26:39.972--ServerSession(1499418021)--Connection(152848959)--Thread(Thread[#1,main,5,main])--ALTER TABLE CONVERSA_PARTICIPANTES ADD CONSTRAINT CNVRSPRTCPNTcnvrsd FOREIGN KEY (conversa_id) REFERENCES CONVERSA (ID)
[EL Fine]: sql: 2025-11-26 20:26:39.979--ServerSession(1499418021)--Connection(152848959)--Thread(Thread[#1,main,5,main])--ALTER TABLE CONVERSA_PARTICIPANTES ADD CONSTRAINT CNVRSPRTCPANTESsrd FOREIGN KEY (usuario_id) REFERENCES USUARIO (ID)
[EL Fine]: sql: 2025-11-26 20:26:40.078--ClientSession(1046056441)--Connection(152848959)--Thread(Thread[#1,main,5,main])--INSERT INTO USUARIO (CPF, EMAIL, NOME, SENHA, TIPO, DTYPE) VALUES (?, ?, ?, ?, ?, ?)
	bind => [10101010101, ana@teste.com, Dra. Ana, 123456, MEDICO, Medico]
[EL Fine]: sql: 2025-11-26 20:26:40.087--ClientSession(1046056441)--Connection(152848959)--Thread(Thread[#1,main,5,main])--INSERT INTO CRM (ESTADO, NUMERO, medico_id) VALUES (?, ?, ?)
	bind => [SP, SP123456, 6]
[EL Fine]: sql: 2025-11-26 20:26:40.087--ClientSession(1046056441)--Connection(152848959)--Thread(Thread[#1,main,5,main])--INSERT INTO ESPECIALIDADE (NOME) VALUES (?)
	bind => [Mastologia]
[EL Fine]: sql: 2025-11-26 20:26:40.087--ClientSession(1046056441)--Connection(152848959)--Thread(Thread[#1,main,5,main])--INSERT INTO MEDICO (ID) VALUES (?)
	bind => [6]
[EL Fine]: sql: 2025-11-26 20:26:40.087--ClientSession(1046056441)--Connection(152848959)--Thread(Thread[#1,main,5,main])--INSERT INTO MEDICO_ESPECIALIDADE (ESPECIALIDADE_ID, MEDICO_ID) VALUES (?, ?)
	bind => [3, 6]
]]></system-out>
  </testcase>
  <testcase name="testConsultaPorId" classname="com.vivamamadsc.vivamamadsc.MedicoTest" time="0.008">
    <system-out><![CDATA[[EL Fine]: sql: 2025-11-26 20:26:40.097--ServerSession(1499418021)--Connection(152848959)--Thread(Thread[#1,main,5,main])--SELECT t0.ID, t0.DTYPE, t0.CPF, t0.EMAIL, t0.NOME, t0.SENHA, t0.TIPO, t1.ID FROM USUARIO t0, MEDICO t1 WHERE ((t0.ID = ?) AND ((t1.ID = t0.ID) AND (t0.DTYPE = ?)))
	bind => [2, Medico]
[EL Fine]: sql: 2025-11-26 20:26:40.101--ServerSession(1499418021)--Connection(152848959)--Thread(Thread[#1,main,5,main])--SELECT ID, ESTADO, NUMERO, medico_id FROM CRM WHERE (medico_id = ?)
	bind => [2]
]]></system-out>
  </testcase>
</testsuite>