<?xml version="1.0" encoding="UTF-8"?>
<testsuite xmlns:xsi="http://www.w3.org/2001/XMLSchema-instance" xsi:noNamespaceSchemaLocation="https://maven.apache.org/surefire/maven-surefire-plugin/xsd/surefire-test-report-3.0.xsd" version="3.0" name="com.vivamamadsc.vivamamadsc.MedicoTest" time="1.06" tests="1" errors="0" skipped="0" failures="0">
  <properties>
[...]
</properties>
  <testcase name="testPersistenciaMedico" classname="com.vivamamadsc.vivamamadsc.MedicoTest" time="0.043">
    <system-out><![CDATA[[EL Fine]: server: 2025-11-14 16:04:49.268--Thread(Thread[#1,main,5,main])--Configured server platform: org.eclipse.persistence.platform.server.NoServerPlatform
[EL Config]: metadata: 2025-11-14 16:04:49.363--ServerSession(888473870)--Thread(Thread[#1,main,5,main])--The access type for the persistent class [class com.vivamamadsc.vivamamadsc.Usuario] is set to [FIELD].
[EL Config]: metadata: 2025-11-14 16:04:49.375--ServerSession(888473870)--Thread(Thread[#1,main,5,main])--The access type for the persistent class [class com.vivamamadsc.vivamamadsc.Paciente] is set to [FIELD].
[EL Config]: metadata: 2025-11-14 16:04:49.376--ServerSession(888473870)--Thread(Thread[#1,main,5,main])--The access type for the persistent class [class com.vivamamadsc.vivamamadsc.Medico] is set to [FIELD].
[EL Config]: metadata: 2025-11-14 16:04:49.376--ServerSession(888473870)--Thread(Thread[#1,main,5,main])--The access type for the persistent class [class com.vivamamadsc.vivamamadsc.Mensagem] is set to [FIELD].
[EL Config]: metadata: 2025-11-14 16:04:49.379--ServerSession(888473870)--Thread(Thread[#1,main,5,main])--The target entity (reference) class for the many to one mapping element [field remetente] is being defaulted to: class com.vivamamadsc.vivamamadsc.Usuario.
[EL Config]: metadata: 2025-11-14 16:04:49.379--ServerSession(888473870)--Thread(Thread[#1,main,5,main])--The target entity (reference) class for the many to one mapping element [field conversa] is being defaulted to: class com.vivamamadsc.vivamamadsc.Conversa.
[EL Config]: metadata: 2025-11-14 16:04:49.38--ServerSession(888473870)--Thread(Thread[#1,main,5,main])--The access type for the persistent class [class com.vivamamadsc.vivamamadsc.Conversa] is set to [FIELD].
[EL Config]: metadata: 2025-11-14 16:04:49.384--ServerSession(888473870)--Thread(Thread[#1,main,5,main])--The target entity (reference) class for the many to many mapping element [field participantes] is being defaulted to: class com.vivamamadsc.vivamamadsc.Usuario.
[EL Config]: metadata: 2025-11-14 16:04:49.384--ServerSession(888473870)--Thread(Thread[#1,main,5,main])--The alias name for the entity class [class com.vivamamadsc.vivamamadsc.Paciente] is being defaulted to: Paciente.
[EL Config]: metadata: 2025-11-14 16:04:49.385--ServerSession(888473870)--Thread(Thread[#1,main,5,main])--The alias name for the entity class [class com.vivamamadsc.vivamamadsc.Usuario] is being defaulted to: Usuario.
[EL Config]: metadata: 2025-11-14 16:04:49.385--ServerSession(888473870)--Thread(Thread[#1,main,5,main])--The table name for entity [class com.vivamamadsc.vivamamadsc.Usuario] is being defaulted to: USUARIO.
[EL Config]: metadata: 2025-11-14 16:04:49.387--ServerSession(888473870)--Thread(Thread[#1,main,5,main])--The discriminator column name for the root inheritance class [com.vivamamadsc.vivamamadsc.Usuario] is being defaulted to: DTYPE.
[EL Config]: metadata: 2025-11-14 16:04:49.393--ServerSession(888473870)--Thread(Thread[#1,main,5,main])--The column name for element [senha] is being defaulted to: SENHA.
[EL Config]: metadata: 2025-11-14 16:04:49.395--ServerSession(888473870)--Thread(Thread[#1,main,5,main])--The column name for element [tipo] is being defaulted to: TIPO.
[EL Config]: metadata: 2025-11-14 16:04:49.397--ServerSession(888473870)--Thread(Thread[#1,main,5,main])--The column name for element [nome] is being defaulted to: NOME.
[EL Config]: metadata: 2025-11-14 16:04:49.398--ServerSession(888473870)--Thread(Thread[#1,main,5,main])--The column name for element [id] is being defaulted to: ID.
[EL Config]: metadata: 2025-11-14 16:04:49.398--ServerSession(888473870)--Thread(Thread[#1,main,5,main])--The column name for element [email] is being defaulted to: EMAIL.
[EL Config]: metadata: 2025-11-14 16:04:49.398--ServerSession(888473870)--Thread(Thread[#1,main,5,main])--The table name for entity [class com.vivamamadsc.vivamamadsc.Paciente] is being defaulted to: PACIENTE.
[EL Config]: metadata: 2025-11-14 16:04:49.399--ServerSession(888473870)--Thread(Thread[#1,main,5,main])--The primary key column name for the inheritance class [class com.vivamamadsc.vivamamadsc.Paciente] is being defaulted to: ID.
[EL Config]: metadata: 2025-11-14 16:04:49.399--ServerSession(888473870)--Thread(Thread[#1,main,5,main])--The foreign key column name for the inheritance class [com.vivamamadsc.vivamamadsc.Paciente] is being defaulted to: ID.
[EL Config]: metadata: 2025-11-14 16:04:49.399--ServerSession(888473870)--Thread(Thread[#1,main,5,main])--The alias name for the entity class [class com.vivamamadsc.vivamamadsc.Medico] is being defaulted to: Medico.
[EL Config]: metadata: 2025-11-14 16:04:49.401--ServerSession(888473870)--Thread(Thread[#1,main,5,main])--The table name for entity [class com.vivamamadsc.vivamamadsc.Medico] is being defaulted to: MEDICO.
[EL Config]: metadata: 2025-11-14 16:04:49.401--ServerSession(888473870)--Thread(Thread[#1,main,5,main])--The primary key column name for the inheritance class [class com.vivamamadsc.vivamamadsc.Medico] is being defaulted to: ID.
[EL Config]: metadata: 2025-11-14 16:04:49.401--ServerSession(888473870)--Thread(Thread[#1,main,5,main])--The foreign key column name for the inheritance class [com.vivamamadsc.vivamamadsc.Medico] is being defaulted to: ID.
[EL Config]: metadata: 2025-11-14 16:04:49.401--ServerSession(888473870)--Thread(Thread[#1,main,5,main])--The alias name for the entity class [class com.vivamamadsc.vivamamadsc.Mensagem] is being defaulted to: Mensagem.
[EL Config]: metadata: 2025-11-14 16:04:49.401--ServerSession(888473870)--Thread(Thread[#1,main,5,main])--The table name for entity [class com.vivamamadsc.vivamamadsc.Mensagem] is being defaulted to: MENSAGEM.
[EL Config]: metadata: 2025-11-14 16:04:49.402--ServerSession(888473870)--Thread(Thread[#1,main,5,main])--The column name for element [id] is being defaulted to: ID.
[EL Config]: metadata: 2025-11-14 16:04:49.402--ServerSession(888473870)--Thread(Thread[#1,main,5,main])--The alias name for the entity class [class com.vivamamadsc.vivamamadsc.Conversa] is being defaulted to: Conversa.
[EL Config]: metadata: 2025-11-14 16:04:49.402--ServerSession(888473870)--Thread(Thread[#1,main,5,main])--The table name for entity [class com.vivamamadsc.vivamamadsc.Conversa] is being defaulted to: CONVERSA.
[EL Config]: metadata: 2025-11-14 16:04:49.402--ServerSession(888473870)--Thread(Thread[#1,main,5,main])--The column name for element [id] is being defaulted to: ID.
[EL Config]: metadata: 2025-11-14 16:04:49.408--ServerSession(888473870)--Thread(Thread[#1,main,5,main])--The primary key column name for the mapping element [field remetente] is being defaulted to: ID.
[EL Config]: metadata: 2025-11-14 16:04:49.408--ServerSession(888473870)--Thread(Thread[#1,main,5,main])--The primary key column name for the mapping element [field conversa] is being defaulted to: ID.
[EL Config]: metadata: 2025-11-14 16:04:49.415--ServerSession(888473870)--Thread(Thread[#1,main,5,main])--The source primary key column name for the many to many mapping [field participantes] is being defaulted to: ID.
[EL Config]: metadata: 2025-11-14 16:04:49.415--ServerSession(888473870)--Thread(Thread[#1,main,5,main])--The target primary key column name for the many to many mapping [field participantes] is being defaulted to: ID.
[EL Info]: 2025-11-14 16:04:49.491--ServerSession(888473870)--Thread(Thread[#1,main,5,main])--EclipseLink, version: Eclipse Persistence Services - 4.0.4.v202407190748-059428cdd2583c46f1f3e50d235854840a6fa9a7
[EL Fine]: connection: 2025-11-14 16:04:49.495--ServerSession(888473870)--Connection(1692885405)--Thread(Thread[#1,main,5,main])--connecting(DatabaseLogin(
	platform=>DerbyPlatform
	user name=> "vivamama"
	datasource URL=> "jdbc:derby://localhost:1527/vivamamadsc;create=true"
))
[EL Config]: connection: 2025-11-14 16:04:49.685--ServerSession(888473870)--Connection(746280996)--Thread(Thread[#1,main,5,main])--Connected: jdbc:derby://localhost:1527/vivamamadsc;create=true
	User: vivamama
	Database: Apache Derby  Version: 10.16.1.1 - (1901046)
	Driver: Apache Derby Network Client JDBC Driver  Version: 10.16.1.1 - (1901046)
[EL Fine]: connection: 2025-11-14 16:04:49.716--ServerSession(888473870)--Thread(Thread[#1,main,5,main])--/file:/C:/AHelenaOficial/estudos/NetBeansProjects/VivaMama2/target/classes/_vivamamadsc login successful
[EL Fine]: sql: 2025-11-14 16:04:49.73--ServerSession(888473870)--Connection(746280996)--Thread(Thread[#1,main,5,main])--ALTER TABLE PACIENTE DROP CONSTRAINT FK_PACIENTE_ID
[EL Fine]: sql: 2025-11-14 16:04:49.743--ServerSession(888473870)--Connection(746280996)--Thread(Thread[#1,main,5,main])--ALTER TABLE MEDICO DROP CONSTRAINT FK_MEDICO_ID
[EL Fine]: sql: 2025-11-14 16:04:49.746--ServerSession(888473870)--Connection(746280996)--Thread(Thread[#1,main,5,main])--ALTER TABLE MENSAGEM DROP CONSTRAINT MENSAGEMconversaid
[EL Fine]: sql: 2025-11-14 16:04:49.754--ServerSession(888473870)--Connection(746280996)--Thread(Thread[#1,main,5,main])--ALTER TABLE MENSAGEM DROP CONSTRAINT MNSAGEMremetenteid
[EL Fine]: sql: 2025-11-14 16:04:49.76--ServerSession(888473870)--Connection(746280996)--Thread(Thread[#1,main,5,main])--ALTER TABLE CONVERSA_PARTICIPANTES DROP CONSTRAINT CNVRSPRTCPNTcnvrsd
[EL Fine]: sql: 2025-11-14 16:04:49.765--ServerSession(888473870)--Connection(746280996)--Thread(Thread[#1,main,5,main])--ALTER TABLE CONVERSA_PARTICIPANTES DROP CONSTRAINT CNVRSPRTCPANTESsrd
[EL Fine]: sql: 2025-11-14 16:04:49.771--ServerSession(888473870)--Connection(746280996)--Thread(Thread[#1,main,5,main])--DROP TABLE USUARIO
[EL Fine]: sql: 2025-11-14 16:04:49.782--ServerSession(888473870)--Connection(746280996)--Thread(Thread[#1,main,5,main])--DROP TABLE PACIENTE
[EL Fine]: sql: 2025-11-14 16:04:49.791--ServerSession(888473870)--Connection(746280996)--Thread(Thread[#1,main,5,main])--DROP TABLE MEDICO
[EL Fine]: sql: 2025-11-14 16:04:49.802--ServerSession(888473870)--Connection(746280996)--Thread(Thread[#1,main,5,main])--DROP TABLE CONVERSA
[EL Fine]: sql: 2025-11-14 16:04:49.811--ServerSession(888473870)--Connection(746280996)--Thread(Thread[#1,main,5,main])--DROP TABLE MENSAGEM
[EL Fine]: sql: 2025-11-14 16:04:49.819--ServerSession(888473870)--Connection(746280996)--Thread(Thread[#1,main,5,main])--DROP TABLE CONVERSA_PARTICIPANTES
[EL Fine]: sql: 2025-11-14 16:04:49.828--ServerSession(888473870)--Connection(746280996)--Thread(Thread[#1,main,5,main])--CREATE TABLE USUARIO (ID BIGINT GENERATED BY DEFAULT AS IDENTITY NOT NULL, DTYPE VARCHAR(31), EMAIL VARCHAR(150) NOT NULL UNIQUE, NOME VARCHAR(150) NOT NULL, SENHA VARCHAR(60) NOT NULL, TIPO VARCHAR(20) NOT NULL, PRIMARY KEY (ID))
[EL Fine]: sql: 2025-11-14 16:04:49.842--ServerSession(888473870)--Connection(746280996)--Thread(Thread[#1,main,5,main])--CREATE TABLE PACIENTE (ID BIGINT NOT NULL, DT_NASCIMENTO DATE, HISTORICOFAMILIAR CLOB(2147483647), PRIMARY KEY (ID))
[EL Fine]: sql: 2025-11-14 16:04:49.852--ServerSession(888473870)--Connection(746280996)--Thread(Thread[#1,main,5,main])--CREATE TABLE MEDICO (ID BIGINT NOT NULL, CRM VARCHAR(20) NOT NULL UNIQUE, ESPECIALIDADE VARCHAR(100) NOT NULL, PRIMARY KEY (ID))
[EL Fine]: sql: 2025-11-14 16:04:49.868--ServerSession(888473870)--Connection(746280996)--Thread(Thread[#1,main,5,main])--CREATE TABLE CONVERSA (ID BIGINT GENERATED BY DEFAULT AS IDENTITY NOT NULL, ASSUNTO VARCHAR(200) NOT NULL, ativa SMALLINT DEFAULT 0 NOT NULL, criado_em TIMESTAMP NOT NULL, PRIMARY KEY (ID))
[EL Fine]: sql: 2025-11-14 16:04:49.875--ServerSession(888473870)--Connection(746280996)--Thread(Thread[#1,main,5,main])--CREATE TABLE MENSAGEM (ID BIGINT GENERATED BY DEFAULT AS IDENTITY NOT NULL, anexo BLOB, enviado_em TIMESTAMP NOT NULL, lida SMALLINT DEFAULT 0 NOT NULL, nome_anexo VARCHAR(255), texto CLOB, conversa_id BIGINT NOT NULL, remetente_id BIGINT NOT NULL, PRIMARY KEY (ID))
[EL Fine]: sql: 2025-11-14 16:04:49.884--ServerSession(888473870)--Connection(746280996)--Thread(Thread[#1,main,5,main])--CREATE TABLE CONVERSA_PARTICIPANTES (conversa_id BIGINT NOT NULL, usuario_id BIGINT NOT NULL, PRIMARY KEY (conversa_id, usuario_id))
[EL Fine]: sql: 2025-11-14 16:04:49.9--ServerSession(888473870)--Connection(746280996)--Thread(Thread[#1,main,5,main])--ALTER TABLE PACIENTE ADD CONSTRAINT FK_PACIENTE_ID FOREIGN KEY (ID) REFERENCES USUARIO (ID)
[EL Fine]: sql: 2025-11-14 16:04:49.9--ServerSession(888473870)--Connection(746280996)--Thread(Thread[#1,main,5,main])--ALTER TABLE MEDICO ADD CONSTRAINT FK_MEDICO_ID FOREIGN KEY (ID) REFERENCES USUARIO (ID)
[EL Fine]: sql: 2025-11-14 16:04:49.9--ServerSession(888473870)--Connection(746280996)--Thread(Thread[#1,main,5,main])--ALTER TABLE MENSAGEM ADD CONSTRAINT MENSAGEMconversaid FOREIGN KEY (conversa_id) REFERENCES CONVERSA (ID)
[EL Fine]: sql: 2025-11-14 16:04:49.9--ServerSession(888473870)--Connection(746280996)--Thread(Thread[#1,main,5,main])--ALTER TABLE MENSAGEM ADD CONSTRAINT MNSAGEMremetenteid FOREIGN KEY (remetente_id) REFERENCES USUARIO (ID)
[EL Fine]: sql: 2025-11-14 16:04:49.921--ServerSession(888473870)--Connection(746280996)--Thread(Thread[#1,main,5,main])--ALTER TABLE CONVERSA_PARTICIPANTES ADD CONSTRAINT CNVRSPRTCPNTcnvrsd FOREIGN KEY (conversa_id) REFERENCES CONVERSA (ID)
[EL Fine]: sql: 2025-11-14 16:04:49.931--ServerSession(888473870)--Connection(746280996)--Thread(Thread[#1,main,5,main])--ALTER TABLE CONVERSA_PARTICIPANTES ADD CONSTRAINT CNVRSPRTCPANTESsrd FOREIGN KEY (usuario_id) REFERENCES USUARIO (ID)
[EL Fine]: sql: 2025-11-14 16:04:50.083--ClientSession(862025017)--Connection(746280996)--Thread(Thread[#1,main,5,main])--INSERT INTO USUARIO (EMAIL, NOME, SENHA, TIPO, DTYPE) VALUES (?, ?, ?, ?, ?)
	bind => [joao.lima@clinica.com, Dr. João Lima, senha123, MEDICO, Medico]
[EL Fine]: sql: 2025-11-14 16:04:50.085--ClientSession(862025017)--Connection(746280996)--Thread(Thread[#1,main,5,main])--INSERT INTO MEDICO (CRM, ESPECIALIDADE, ID) VALUES (?, ?, ?)
	bind => [PE12345, Pediatria, 3]
]]></system-out>
    <system-err><![CDATA[SLF4J: Failed to load class "org.slf4j.impl.StaticLoggerBinder".
SLF4J: Defaulting to no-operation (NOP) logger implementation
SLF4J: See http://www.slf4j.org/codes.html#StaticLoggerBinder for further details.
]]></system-err>
  </testcase>
</testsuite>